[21:57:53] [ServerMain/INFO]: Environment: Environment[sessionHost=https://sessionserver.mojang.com, servicesHost=https://api.minecraftservices.com, name=PROD]
[21:57:56] [ServerMain/INFO]: Loaded 1407 recipes
[21:57:57] [ServerMain/INFO]: Loaded 1520 advancements
[21:57:57] [Server thread/INFO]: Starting minecraft server version 1.21.8
[21:57:57] [Server thread/INFO]: Loading properties
[21:57:57] [Server thread/INFO]: Default game type: SURVIVAL
[21:57:57] [Server thread/INFO]: Generating keypair
[21:57:57] [Server thread/INFO]: Starting Minecraft server on *:25565
[21:57:57] [Server thread/INFO]: Using epoll channel type
[21:57:57] [Server thread/WARN]: **** SERVER IS RUNNING IN OFFLINE/INSECURE MODE!
[21:57:57] [Server thread/WARN]: The server will make no attempt to authenticate usernames. Beware.
[21:57:57] [Server thread/WARN]: While this makes the game possible to play without internet access, it also opens up the ability for hackers to connect with any username they choose.
[21:57:57] [Server thread/WARN]: To change this, set "online-mode" to "true" in the server.properties file.
[21:57:57] [Server thread/INFO]: Preparing level "world"
[21:57:57] [Server thread/INFO]: Preparing start region for dimension minecraft:overworld
[21:57:58] [Worker-Main-1/INFO]: Preparing spawn area: 0%
[21:57:58] [Worker-Main-1/INFO]: Preparing spawn area: 0%
[21:57:58] [Server thread/INFO]: Time elapsed: 1022 ms
[21:57:58] [Server thread/INFO]: Done (1.235s)! For help, type "help"
[21:58:25] [Server thread/INFO]: Lea[/127.171.204.105:47431] logged in with entity id 35 at (-98.32526860517946, -33.9375, -90.33999791350418)
[21:58:26] [Server thread/INFO]: Lea joined the game
[21:59:31] [Server thread/INFO]: [Lea: Set own game mode to Creative Mode]
[22:01:00] [Server thread/INFO]: thiagooo[/127.171.204.105:60865] logged in with entity id 396 at (-132.5, -44.0, -56.5)
[22:01:00] [Server thread/INFO]: thiagooo joined the game
[22:01:22] [Server thread/INFO]: thiagooo was slain by Lea
[22:01:54] [Server thread/INFO]: [Lea: Made thiagooo a server operator]
[22:02:02] [Server thread/INFO]: [Lea: Set own game mode to Survival Mode]
[22:02:05] [Server thread/INFO]: Lea was slain by thiagooo
[22:02:12] [Server thread/INFO]: Lea was slain by thiagooo
[22:02:15] [Server thread/INFO]: thiagooo was slain by Lea
[22:02:24] [Server thread/INFO]: Lea was slain by thiagooo
[22:02:37] [Server thread/INFO]: Lea was slain by thiagooo
[22:02:43] [Server thread/INFO]: [Lea: Set own game mode to Creative Mode]
[22:02:58] [Server thread/INFO]: [thiagooo: Set own game mode to Creative Mode]
[22:03:27] [Server thread/INFO]: GiovanyBy14[/127.197.71.132:50433] logged in with entity id 590 at (-132.5, -44.0, -59.5)
[22:03:27] [Server thread/INFO]: GiovanyBy14 joined the game
[22:03:45] [Server thread/INFO]: thiagooo lost connection: Timed out
[22:03:45] [Server thread/INFO]: thiagooo left the game
[22:03:45] [Server thread/WARN]: handleDisconnection() called twice
[22:03:58] [Server thread/INFO]: GiovanyBy14 was slain by Lea
[22:04:16] [Server thread/INFO]: nicolasxpazx[/127.197.71.132:51997] logged in with entity id 654 at (-117.27583545029505, -34.9375, -80.79982647869751)
[22:04:16] [Server thread/INFO]: nicolasxpazx joined the game
[22:04:33] [Server thread/INFO]: [GiovanyBy14: Set the time to 1000]
[22:05:36] [Server thread/INFO]: GiovanyBy14 was slain by nicolasxpazx
[22:06:37] [Server thread/INFO]: [Not Secure] <GiovanyBy14> va
[22:06:40] [Server thread/INFO]: [Not Secure] <GiovanyBy14> banca 5
[22:06:46] [Server thread/INFO]: [Not Secure] <Lea> d
[22:06:52] [Server thread/INFO]: [Not Secure] <GiovanyBy14> nos estan requisando el cuarto
[22:06:56] [Server thread/INFO]: [Not Secure] <GiovanyBy14> cort fbi
[22:07:03] [Server thread/INFO]: [Not Secure] <Lea> pot
[22:07:06] [Server thread/INFO]: [Not Secure] <Lea> por
[22:07:48] [Server thread/INFO]: nicolasxpazx fell from a high place
[22:08:17] [Server thread/INFO]: nicolasxpazx was slain by Lea
[22:08:23] [Server thread/INFO]: [Lea: Set own game mode to Survival Mode]
[22:08:25] [Server thread/INFO]: thiagooo[/127.171.204.105:33657] logged in with entity id 1004 at (-130.39049244980117, -43.0, -92.26132244139032)
[22:08:25] [Server thread/INFO]: thiagooo joined the game
[22:08:39] [Server thread/INFO]: nicolasxpazx was slain by Lea
[22:08:48] [Server thread/INFO]: Lea was slain by thiagooo
[22:09:03] [Server thread/INFO]: nicolasxpazx was slain by Lea
[22:09:04] [Server thread/INFO]: Lea was slain by thiagooo
[22:09:07] [Server thread/INFO]: GiovanyBy14 was slain by thiagooo
[22:09:10] [Server thread/INFO]: nicolasxpazx was slain by thiagooo
[22:09:24] [Server thread/INFO]: [Lea: Set own game mode to Creative Mode]
[22:09:38] [Server thread/INFO]: [Lea: Set thiagooo's game mode to Survival Mode]
[22:09:47] [Server thread/INFO]: nicolasxpazx lost connection: Timed out
[22:09:47] [Server thread/INFO]: nicolasxpazx left the game
[22:09:48] [Server thread/INFO]: [thiagooo: Set own game mode to Creative Mode]
[22:10:58] [Server thread/INFO]: [Lea: Set own game mode to Survival Mode]
[22:11:02] [Server thread/INFO]: Lea has made the advancement [Monster Hunter]
[22:11:04] [Server thread/INFO]: [thiagooo: Set own game mode to Survival Mode]
[22:11:06] [Server thread/INFO]: thiagooo has made the advancement [Monster Hunter]
[22:11:16] [Server thread/INFO]: GiovanyBy14 was slain by Lea
[22:12:11] [Server thread/INFO]: GiovanyBy14 was slain by thiagooo
[22:12:16] [Server thread/INFO]: GiovanyBy14 was slain by Lea
[22:12:36] [Server thread/INFO]: Lea was slain by thiagooo
[22:13:05] [Server thread/INFO]: GiovanyBy14 was killed
[22:13:05] [Server thread/INFO]: [thiagooo: Killed GiovanyBy14]
[22:13:13] [Server thread/INFO]: thiagooo was killed
[22:13:13] [Server thread/INFO]: [GiovanyBy14: Killed thiagooo]
[22:13:23] [Server thread/INFO]: GiovanyBy14 was slain by thiagooo
[22:14:06] [Server thread/INFO]: GiovanyBy14 was slain by thiagooo
[22:14:28] [Server thread/INFO]: thiagooo was slain by GiovanyBy14
[22:14:31] [Server thread/INFO]: GiovanyBy14 was slain by thiagooo
[22:15:02] [Server thread/INFO]: [Lea: Applied effect Levitation to GiovanyBy14]
[22:15:04] [Server thread/WARN]: Lea moved too quickly! -113.28729041288898,0.0,10.970173206216828
[22:15:05] [Server thread/WARN]: Lea moved too quickly! 13.325280562029832,0.5,48.97017320621683
[22:15:06] [Server thread/WARN]: Lea moved too quickly! -513.5998622909829,0.0,10.970173206216828
[22:15:07] [Server thread/WARN]: Lea moved too quickly! 17.396416001050852,0.0,10.832421681104464
[22:15:08] [Server thread/WARN]: Lea moved too quickly! -393.6095846870885,0.0,10.709607620304325
[22:15:09] [Server thread/WARN]: Lea moved too quickly! -199.07862386973284,0.0,10.709607620304325
[22:15:14] [Server thread/WARN]: Lea moved too quickly! -494.7169175875315,0.0,10.709607620304325
[22:15:15] [Server thread/WARN]: Lea moved too quickly! -173.36449464612087,0.0,10.709607620304325
[22:15:16] [Server thread/WARN]: Lea moved too quickly! 17.36514020929276,0.0,10.653032082227895
[22:15:17] [Server thread/WARN]: Lea moved too quickly! 13.365140209292761,0.0,-3.786967915387919
[22:15:18] [Server thread/WARN]: Lea moved too quickly! -116.44139630923745,0.5,-0.786967915387919
[22:15:18] [Server thread/WARN]: Lea moved too quickly! 13.321173599679227,0.0,-3.7506402668093557
[22:15:19] [Server thread/WARN]: Lea moved too quickly! 13.321173599679227,0.5,-0.7506402668093557
[22:15:19] [Server thread/WARN]: Lea moved too quickly! 13.321173599679227,0.5,-0.7506402668093557
[22:15:20] [Server thread/WARN]: Lea moved too quickly! -520.9374808419961,0.0,10.689359730806459
[22:15:20] [Server thread/WARN]: Lea moved too quickly! -520.9551652453895,0.0,10.64061064150772
[22:15:21] [Server thread/WARN]: Lea moved too quickly! 13.385752678425945,0.0,-3.8569687759150355
[22:15:21] [Server thread/WARN]: Lea moved too quickly! 13.331270749212166,0.41999998688697815,46.59798382934099
[22:15:21] [Server thread/WARN]: Lea moved too quickly! 13.257169162362729,0.0,46.597989643293246
[22:15:22] [Server thread/WARN]: Lea moved too quickly! 13.201302413213824,0.0,46.58790803322891
[22:15:22] [Server thread/WARN]: Lea moved too quickly! 13.14114984130606,0.41999998688697815,46.56947272612145
[22:15:23] [Server thread/WARN]: Lea moved too quickly! 13.075931867892862,0.0,46.54931255803474
[22:15:23] [Server thread/WARN]: Lea moved too quickly! 13.021577126276597,0.0,46.53203938734484
[22:15:23] [Server thread/WARN]: Lea moved too quickly! -295.7226620055735,0.0,10.532039387344838
[22:15:24] [Server thread/WARN]: Lea moved too quickly! -270.7193910629069,0.41999998688697815,10.477119335192313
[22:15:24] [Server thread/WARN]: Lea moved too quickly! -228.69673124844877,0.0,10.422199283039788
[22:15:31] [Server thread/INFO]: Lea was killed
[22:15:31] [Server thread/INFO]: [Lea: Killed Lea]
[22:15:33] [Server thread/WARN]: Lea moved too quickly! -34.7253375136188,0.0,1002.9190038945526
[22:15:33] [Server thread/WARN]: Lea moved too quickly! -69.40898151609933,0.0,1001.1399809614845
[22:15:49] [Server thread/INFO]: [GiovanyBy14: Set own game mode to Creative Mode]
[22:15:57] [Server thread/INFO]: [GiovanyBy14: Gave 1 [Milk Bucket] to GiovanyBy14]
[22:16:12] [Server thread/WARN]: Lea moved too quickly! -936.4153795533348,0.0,360.8027920563909
[22:16:12] [Server thread/WARN]: Lea moved too quickly! -911.0724770838956,0.0,420.79416617346357
[22:16:19] [Server thread/WARN]: Lea moved too quickly! -822.4522157142055,0.0,574.9998183199787
[22:16:20] [Server thread/WARN]: Lea moved too quickly! -855.7901587694528,0.0,524.160233379155
[22:16:20] [Server thread/WARN]: Lea moved too quickly! -962.883636243924,0.0,282.74118045430845
[22:16:20] [Server thread/WARN]: Lea moved too quickly! -914.6687283297784,0.0,412.918711460487
[22:16:27] [Server thread/WARN]: Lea moved too quickly! -804.5996946147934,0.0,-599.7263959496631
[22:16:27] [Server thread/WARN]: Lea moved too quickly! -804.6270085749001,0.0,-599.7467550213399
[22:16:28] [Server thread/WARN]: Lea moved too quickly! -1000.4731310442147,0.0,-78.14058623762685
[22:16:36] [Server thread/INFO]: [Lea: Teleported Lea to GiovanyBy14]
[22:16:38] [Server thread/WARN]: Lea moved too quickly! -0.8595685915778688,0.5,12.354354113345082
[22:16:39] [Server thread/WARN]: Lea moved too quickly! -0.8595685915778688,0.5,12.354354113345082
[22:16:41] [Server thread/WARN]: Lea moved too quickly! 0.0,0.0625,-11.6875
[22:16:41] [Server thread/WARN]: Lea moved too quickly! -7.1875,0.41999998688697815,-11.1875
[22:16:41] [Server thread/WARN]: Lea moved too quickly! -7.1875,0.41999998688697815,-11.1875
[22:16:42] [Server thread/WARN]: Lea moved too quickly! -5.5,0.0625,-11.642034982978089
[22:16:42] [Server thread/WARN]: Lea moved too quickly! -5.5,0.0625,-11.593909446845032
[22:16:42] [Server thread/WARN]: Lea moved too quickly! -5.48948072889506,0.0625,-11.545783910711975
[22:16:43] [Server thread/WARN]: Lea moved too quickly! -5.48948072889506,0.0625,-11.545783910711975
[22:16:43] [Server thread/WARN]: Lea moved too quickly! -7.143213868764192,0.41999998688697815,-10.992696979762087
[22:16:43] [Server thread/WARN]: Lea moved too quickly! -7.104842732955873,0.41999998688697815,-10.929292079128857
[22:16:44] [Server thread/WARN]: Lea moved too quickly! -5.387090245113541,0.0625,-11.374126783123202
[22:16:44] [Server thread/WARN]: Lea moved too quickly! 12.708162240344606,0.0625,-11.318961487117548
[22:16:44] [Server thread/WARN]: GiovanyBy14 moved too quickly! 7.034540412861389,0.013221937196853162,7.406095608564556
[22:16:45] [Server thread/WARN]: Lea moved too quickly! 12.708162240344606,0.0625,-11.318961487117548
[22:17:01] [Server thread/INFO]: [Lea: Applied effect Levitation to thiagooo]
[22:17:04] [Server thread/WARN]: Lea moved too quickly! 0.9399999976158142,0.0,-11.939999997615814
[22:17:05] [Server thread/WARN]: Lea moved too quickly! 3.939999997615814,0.0,-11.439999997615814
[22:17:06] [Server thread/WARN]: Lea moved too quickly! 0.0,0.41999998688697815,-11.937361826698663
[22:17:07] [Server thread/WARN]: Lea moved too quickly! 0.0,0.0,-11.932534973100545
[22:17:07] [Server thread/WARN]: Lea moved too quickly! 0.0,0.41999998688697815,-11.932534973100545
[22:17:07] [Server thread/WARN]: Lea moved too quickly! 0.0,0.0,-11.932534973100545
[22:17:09] [Server thread/WARN]: Lea moved too quickly! 0.0,0.0,-11.439999997615814
[22:17:11] [Server thread/WARN]: Lea moved too quickly! -9.856619280729149,0.375,-10.680297140067054
[22:17:11] [Server thread/WARN]: Lea moved too quickly! -9.856619280729149,0.41999998688697815,-10.680297140067054
[22:17:11] [Server thread/WARN]: Lea moved too quickly! -9.827039361208122,0.375,-10.631531028918346
[22:17:12] [Server thread/WARN]: Lea moved too quickly! -9.791787002515377,0.375,-10.579562861184769
[22:17:12] [Server thread/WARN]: Lea moved too quickly! -9.752680905215641,0.375,-10.53027659344913
[22:17:13] [Server thread/WARN]: Lea moved too quickly! -9.752680905215641,0.375,-10.53027659344913
[22:17:13] [Server thread/WARN]: Lea moved too quickly! -9.713574807915904,0.375,-10.480990325713492
[22:17:13] [Server thread/WARN]: Lea moved too quickly! -9.713574807915904,0.375,-10.480990325713492
[22:17:14] [Server thread/WARN]: Lea moved too quickly! -9.674468710616168,0.375,-10.431704057977853
[22:17:14] [Server thread/WARN]: Lea moved too quickly! -9.674468710616168,0.375,-10.431704057977853
[22:17:14] [Server thread/WARN]: Lea moved too quickly! -9.635362613316431,0.375,-10.382417790242215
[22:17:14] [Server thread/WARN]: Lea moved too quickly! -9.635362613316431,0.375,-10.382417790242215
[22:17:15] [Server thread/WARN]: Lea moved too quickly! -9.596256516016695,0.375,-10.333131522506577
[22:17:15] [Server thread/WARN]: Lea moved too quickly! -9.596256516016695,0.375,-10.333131522506577
[22:17:16] [Server thread/WARN]: Lea moved too quickly! -9.557150418716958,0.375,-10.283845254770938
[22:17:16] [Server thread/WARN]: Lea moved too quickly! -9.557150418716958,0.375,-10.283845254770938
[22:17:17] [Server thread/WARN]: Lea moved too quickly! -9.521052154349576,0.375,-10.239688718438273
[22:17:18] [Server thread/INFO]: Lea was killed
[22:17:18] [Server thread/INFO]: [thiagooo: Killed Lea]
[22:17:24] [Server thread/INFO]: Lea was killed
[22:17:24] [Server thread/INFO]: [thiagooo: Killed Lea]
